<?xml version="1.0" encoding="UTF-8"?>
<coverage generated="1766017594845" clover="3.2.0">
  <project timestamp="1766017594845" name="All files">
    <metrics statements="66" coveredstatements="61" conditionals="35" coveredconditionals="31" methods="14" coveredmethods="14" elements="115" coveredelements="106" complexity="0" loc="66" ncloc="66" packages="4" files="6" classes="6"/>
    <package name="model.errors">
      <metrics statements="6" coveredstatements="6" conditionals="0" coveredconditionals="0" methods="3" coveredmethods="3"/>
      <file name="authError.ts" path="/Users/matusalenalves/Documents/Workspace/React/PDM/vitta/src/model/errors/authError.ts">
        <metrics statements="2" coveredstatements="2" conditionals="0" coveredconditionals="0" methods="1" coveredmethods="1"/>
        <line num="1" count="2" type="stmt"/>
        <line num="3" count="10" type="stmt"/>
      </file>
      <file name="repositoryError.ts" path="/Users/matusalenalves/Documents/Workspace/React/PDM/vitta/src/model/errors/repositoryError.ts">
        <metrics statements="2" coveredstatements="2" conditionals="0" coveredconditionals="0" methods="1" coveredmethods="1"/>
        <line num="1" count="2" type="stmt"/>
        <line num="3" count="6" type="stmt"/>
      </file>
      <file name="validationError.ts" path="/Users/matusalenalves/Documents/Workspace/React/PDM/vitta/src/model/errors/validationError.ts">
        <metrics statements="2" coveredstatements="2" conditionals="0" coveredconditionals="0" methods="1" coveredmethods="1"/>
        <line num="1" count="3" type="stmt"/>
        <line num="3" count="27" type="stmt"/>
      </file>
    </package>
    <package name="model.factories">
      <metrics statements="5" coveredstatements="4" conditionals="5" coveredconditionals="5" methods="2" coveredmethods="2"/>
      <file name="makeUser.ts" path="/Users/matusalenalves/Documents/Workspace/React/PDM/vitta/src/model/factories/makeUser.ts">
        <metrics statements="5" coveredstatements="4" conditionals="5" coveredconditionals="5" methods="2" coveredmethods="2"/>
        <line num="11" count="1" type="cond" truecount="3" falsecount="0"/>
        <line num="12" count="1" type="stmt"/>
        <line num="14" count="0" type="stmt"/>
        <line num="17" count="2" type="stmt"/>
        <line num="18" count="8" type="stmt"/>
      </file>
    </package>
    <package name="usecase.auth">
      <metrics statements="39" coveredstatements="35" conditionals="14" coveredconditionals="10" methods="6" coveredmethods="6"/>
      <file name="authUseCases.ts" path="/Users/matusalenalves/Documents/Workspace/React/PDM/vitta/src/usecase/auth/authUseCases.ts">
        <metrics statements="39" coveredstatements="35" conditionals="14" coveredconditionals="10" methods="6" coveredmethods="6"/>
        <line num="2" count="1" type="stmt"/>
        <line num="3" count="1" type="stmt"/>
        <line num="4" count="1" type="stmt"/>
        <line num="5" count="1" type="stmt"/>
        <line num="8" count="1" type="stmt"/>
        <line num="11" count="1" type="stmt"/>
        <line num="17" count="14" type="stmt"/>
        <line num="18" count="14" type="stmt"/>
        <line num="22" count="5" type="stmt"/>
        <line num="24" count="3" type="stmt"/>
        <line num="25" count="3" type="stmt"/>
        <line num="26" count="2" type="stmt"/>
        <line num="28" count="2" type="cond" truecount="1" falsecount="0"/>
        <line num="29" count="1" type="stmt"/>
        <line num="32" count="1" type="stmt"/>
        <line num="34" count="2" type="cond" truecount="2" falsecount="2"/>
        <line num="35" count="2" type="stmt"/>
        <line num="37" count="0" type="stmt"/>
        <line num="42" count="5" type="stmt"/>
        <line num="44" count="2" type="stmt"/>
        <line num="45" count="2" type="stmt"/>
        <line num="46" count="1" type="stmt"/>
        <line num="47" count="1" type="stmt"/>
        <line num="48" count="1" type="stmt"/>
        <line num="50" count="1" type="cond" truecount="2" falsecount="2"/>
        <line num="51" count="1" type="stmt"/>
        <line num="53" count="0" type="stmt"/>
        <line num="58" count="2" type="stmt"/>
        <line num="59" count="2" type="stmt"/>
        <line num="61" count="1" type="cond" truecount="1" falsecount="0"/>
        <line num="62" count="1" type="stmt"/>
        <line num="64" count="0" type="stmt"/>
        <line num="69" count="2" type="stmt"/>
        <line num="70" count="2" type="cond" truecount="4" falsecount="0"/>
        <line num="71" count="1" type="stmt"/>
        <line num="72" count="1" type="stmt"/>
        <line num="73" count="1" type="stmt"/>
        <line num="75" count="0" type="stmt"/>
        <line num="78" count="1" type="stmt"/>
      </file>
    </package>
    <package name="usecase.validator">
      <metrics statements="16" coveredstatements="16" conditionals="16" coveredconditionals="16" methods="3" coveredmethods="3"/>
      <file name="authValidator.ts" path="/Users/matusalenalves/Documents/Workspace/React/PDM/vitta/src/usecase/validator/authValidator.ts">
        <metrics statements="16" coveredstatements="16" conditionals="16" coveredconditionals="16" methods="3" coveredmethods="3"/>
        <line num="1" count="2" type="stmt"/>
        <line num="3" count="2" type="stmt"/>
        <line num="5" count="12" type="cond" truecount="3" falsecount="0"/>
        <line num="6" count="5" type="stmt"/>
        <line num="9" count="7" type="cond" truecount="3" falsecount="0"/>
        <line num="10" count="3" type="stmt"/>
        <line num="15" count="22" type="cond" truecount="3" falsecount="0"/>
        <line num="16" count="3" type="stmt"/>
        <line num="19" count="19" type="cond" truecount="3" falsecount="0"/>
        <line num="20" count="1" type="stmt"/>
        <line num="23" count="18" type="cond" truecount="1" falsecount="0"/>
        <line num="24" count="6" type="stmt"/>
        <line num="27" count="12" type="cond" truecount="3" falsecount="0"/>
        <line num="28" count="3" type="stmt"/>
        <line num="33" count="18" type="stmt"/>
        <line num="34" count="18" type="stmt"/>
      </file>
    </package>
  </project>
</coverage>
