{"/Users/matusalenalves/Documents/Workspace/React/PDM/vitta/src/model/errors/authError.ts": {"path":"/Users/matusalenalves/Documents/Workspace/React/PDM/vitta/src/model/errors/authError.ts","statementMap":{"0":{"start":{"line":3,"column":8},"end":{"line":3,"column":23}},"1":{"start":{"line":1,"column":0},"end":{"line":1,"column":21}}},"fnMap":{"0":{"name":"(anonymous_0)","decl":{"start":{"line":2,"column":4},"end":{"line":2,"column":16}},"loc":{"start":{"line":2,"column":31},"end":{"line":4,"column":5}}}},"branchMap":{},"s":{"0":10,"1":2},"f":{"0":10},"b":{}}
,"/Users/matusalenalves/Documents/Workspace/React/PDM/vitta/src/model/errors/repositoryError.ts": {"path":"/Users/matusalenalves/Documents/Workspace/React/PDM/vitta/src/model/errors/repositoryError.ts","statementMap":{"0":{"start":{"line":3,"column":8},"end":{"line":3,"column":23}},"1":{"start":{"line":1,"column":0},"end":{"line":1,"column":21}}},"fnMap":{"0":{"name":"(anonymous_0)","decl":{"start":{"line":2,"column":4},"end":{"line":2,"column":16}},"loc":{"start":{"line":2,"column":31},"end":{"line":4,"column":5}}}},"branchMap":{},"s":{"0":6,"1":2},"f":{"0":6},"b":{}}
,"/Users/matusalenalves/Documents/Workspace/React/PDM/vitta/src/model/errors/validationError.ts": {"path":"/Users/matusalenalves/Documents/Workspace/React/PDM/vitta/src/model/errors/validationError.ts","statementMap":{"0":{"start":{"line":3,"column":8},"end":{"line":3,"column":23}},"1":{"start":{"line":1,"column":0},"end":{"line":1,"column":21}}},"fnMap":{"0":{"name":"(anonymous_0)","decl":{"start":{"line":2,"column":4},"end":{"line":2,"column":16}},"loc":{"start":{"line":2,"column":31},"end":{"line":4,"column":5}}}},"branchMap":{},"s":{"0":27,"1":3},"f":{"0":27},"b":{}}
,"/Users/matusalenalves/Documents/Workspace/React/PDM/vitta/src/model/factories/makeUser.ts": {"path":"/Users/matusalenalves/Documents/Workspace/React/PDM/vitta/src/model/factories/makeUser.ts","statementMap":{"0":{"start":{"line":17,"column":0},"end":{"line":17,"column":16}},"1":{"start":{"line":11,"column":4},"end":{"line":13,"column":5}},"2":{"start":{"line":12,"column":8},"end":{"line":12,"column":46}},"3":{"start":{"line":14,"column":4},"end":{"line":14,"column":71}},"4":{"start":{"line":18,"column":4},"end":{"line":24,"column":6}}},"fnMap":{"0":{"name":"generateId","decl":{"start":{"line":10,"column":9},"end":{"line":10,"column":19}},"loc":{"start":{"line":10,"column":19},"end":{"line":15,"column":1}}},"1":{"name":"makeUser","decl":{"start":{"line":17,"column":16},"end":{"line":17,"column":24}},"loc":{"start":{"line":17,"column":46},"end":{"line":25,"column":1}}}},"branchMap":{"0":{"loc":{"start":{"line":11,"column":4},"end":{"line":13,"column":5}},"type":"if","locations":[{"start":{"line":11,"column":4},"end":{"line":13,"column":5}}]},"1":{"loc":{"start":{"line":11,"column":8},"end":{"line":11,"column":102}},"type":"binary-expr","locations":[{"start":{"line":11,"column":8},"end":{"line":11,"column":48}},{"start":{"line":11,"column":52},"end":{"line":11,"column":102}}]},"2":{"loc":{"start":{"line":19,"column":12},"end":{"line":19,"column":35}},"type":"binary-expr","locations":[{"start":{"line":19,"column":12},"end":{"line":19,"column":19}},{"start":{"line":19,"column":23},"end":{"line":19,"column":35}}]}},"s":{"0":2,"1":1,"2":1,"3":0,"4":8},"f":{"0":1,"1":8},"b":{"0":[1],"1":[1,1],"2":[8,1]}}
,"/Users/matusalenalves/Documents/Workspace/React/PDM/vitta/src/usecase/auth/authUseCases.ts": {"path":"/Users/matusalenalves/Documents/Workspace/React/PDM/vitta/src/usecase/auth/authUseCases.ts","statementMap":{"0":{"start":{"line":2,"column":0},"end":{"line":2,"column":55}},"1":{"start":{"line":3,"column":0},"end":{"line":3,"column":61}},"2":{"start":{"line":4,"column":0},"end":{"line":4,"column":49}},"3":{"start":{"line":5,"column":0},"end":{"line":5,"column":61}},"4":{"start":{"line":8,"column":0},"end":{"line":8,"column":54}},"5":{"start":{"line":17,"column":8},"end":{"line":17,"column":39}},"6":{"start":{"line":18,"column":8},"end":{"line":18,"column":45}},"7":{"start":{"line":22,"column":8},"end":{"line":22,"column":53}},"8":{"start":{"line":24,"column":8},"end":{"line":38,"column":9}},"9":{"start":{"line":25,"column":29},"end":{"line":25,"column":74}},"10":{"start":{"line":26,"column":29},"end":{"line":26,"column":80}},"11":{"start":{"line":28,"column":12},"end":{"line":30,"column":13}},"12":{"start":{"line":29,"column":16},"end":{"line":29,"column":73}},"13":{"start":{"line":32,"column":12},"end":{"line":32,"column":28}},"14":{"start":{"line":34,"column":12},"end":{"line":36,"column":13}},"15":{"start":{"line":35,"column":16},"end":{"line":35,"column":28}},"16":{"start":{"line":37,"column":12},"end":{"line":37,"column":53}},"17":{"start":{"line":42,"column":8},"end":{"line":42,"column":60}},"18":{"start":{"line":44,"column":8},"end":{"line":54,"column":9}},"19":{"start":{"line":45,"column":29},"end":{"line":45,"column":75}},"20":{"start":{"line":46,"column":29},"end":{"line":46,"column":89}},"21":{"start":{"line":47,"column":12},"end":{"line":47,"column":59}},"22":{"start":{"line":48,"column":12},"end":{"line":48,"column":28}},"23":{"start":{"line":50,"column":12},"end":{"line":52,"column":13}},"24":{"start":{"line":51,"column":16},"end":{"line":51,"column":28}},"25":{"start":{"line":53,"column":12},"end":{"line":53,"column":56}},"26":{"start":{"line":58,"column":8},"end":{"line":65,"column":9}},"27":{"start":{"line":59,"column":12},"end":{"line":59,"column":44}},"28":{"start":{"line":61,"column":12},"end":{"line":63,"column":13}},"29":{"start":{"line":62,"column":16},"end":{"line":62,"column":28}},"30":{"start":{"line":64,"column":12},"end":{"line":64,"column":54}},"31":{"start":{"line":69,"column":8},"end":{"line":80,"column":11}},"32":{"start":{"line":70,"column":12},"end":{"line":79,"column":13}},"33":{"start":{"line":71,"column":16},"end":{"line":76,"column":17}},"34":{"start":{"line":72,"column":37},"end":{"line":72,"column":87}},"35":{"start":{"line":73,"column":20},"end":{"line":73,"column":39}},"36":{"start":{"line":75,"column":20},"end":{"line":75,"column":35}},"37":{"start":{"line":78,"column":16},"end":{"line":78,"column":31}},"38":{"start":{"line":11,"column":0},"end":{"line":11,"column":21}}},"fnMap":{"0":{"name":"(anonymous_1)","decl":{"start":{"line":16,"column":4},"end":{"line":16,"column":16}},"loc":{"start":{"line":16,"column":74},"end":{"line":19,"column":5}}},"1":{"name":"(anonymous_2)","decl":{"start":{"line":21,"column":4},"end":{"line":21,"column":9}},"loc":{"start":{"line":21,"column":47},"end":{"line":39,"column":5}}},"2":{"name":"(anonymous_3)","decl":{"start":{"line":41,"column":4},"end":{"line":41,"column":9}},"loc":{"start":{"line":41,"column":62},"end":{"line":55,"column":5}}},"3":{"name":"(anonymous_4)","decl":{"start":{"line":57,"column":4},"end":{"line":57,"column":9}},"loc":{"start":{"line":57,"column":16},"end":{"line":66,"column":5}}},"4":{"name":"(anonymous_5)","decl":{"start":{"line":68,"column":4},"end":{"line":68,"column":22}},"loc":{"start":{"line":68,"column":60},"end":{"line":81,"column":5}}},"5":{"name":"(anonymous_6)","decl":{"start":{"line":69,"column":51},"end":{"line":69,"column":56}},"loc":{"start":{"line":69,"column":70},"end":{"line":80,"column":9}}}},"branchMap":{"0":{"loc":{"start":{"line":28,"column":12},"end":{"line":30,"column":13}},"type":"if","locations":[{"start":{"line":28,"column":12},"end":{"line":30,"column":13}}]},"1":{"loc":{"start":{"line":34,"column":12},"end":{"line":36,"column":13}},"type":"if","locations":[{"start":{"line":34,"column":12},"end":{"line":36,"column":13}}]},"2":{"loc":{"start":{"line":34,"column":16},"end":{"line":34,"column":114}},"type":"binary-expr","locations":[{"start":{"line":34,"column":16},"end":{"line":34,"column":42}},{"start":{"line":34,"column":46},"end":{"line":34,"column":78}},{"start":{"line":34,"column":82},"end":{"line":34,"column":114}}]},"3":{"loc":{"start":{"line":50,"column":12},"end":{"line":52,"column":13}},"type":"if","locations":[{"start":{"line":50,"column":12},"end":{"line":52,"column":13}}]},"4":{"loc":{"start":{"line":50,"column":16},"end":{"line":50,"column":114}},"type":"binary-expr","locations":[{"start":{"line":50,"column":16},"end":{"line":50,"column":42}},{"start":{"line":50,"column":46},"end":{"line":50,"column":78}},{"start":{"line":50,"column":82},"end":{"line":50,"column":114}}]},"5":{"loc":{"start":{"line":61,"column":12},"end":{"line":63,"column":13}},"type":"if","locations":[{"start":{"line":61,"column":12},"end":{"line":63,"column":13}}]},"6":{"loc":{"start":{"line":70,"column":12},"end":{"line":79,"column":13}},"type":"if","locations":[{"start":{"line":70,"column":12},"end":{"line":79,"column":13}},{"start":{"line":77,"column":19},"end":{"line":79,"column":13}}]},"7":{"loc":{"start":{"line":70,"column":16},"end":{"line":70,"column":39}},"type":"binary-expr","locations":[{"start":{"line":70,"column":16},"end":{"line":70,"column":24}},{"start":{"line":70,"column":28},"end":{"line":70,"column":39}}]}},"s":{"0":1,"1":1,"2":1,"3":1,"4":1,"5":14,"6":14,"7":5,"8":3,"9":3,"10":2,"11":2,"12":1,"13":1,"14":2,"15":2,"16":0,"17":5,"18":2,"19":2,"20":1,"21":1,"22":1,"23":1,"24":1,"25":0,"26":2,"27":2,"28":1,"29":1,"30":0,"31":2,"32":2,"33":1,"34":1,"35":1,"36":0,"37":1,"38":1},"f":{"0":14,"1":5,"2":5,"3":2,"4":2,"5":2},"b":{"0":[1],"1":[2],"2":[2,0,0],"3":[1],"4":[1,0,0],"5":[1],"6":[1,1],"7":[2,1]}}
,"/Users/matusalenalves/Documents/Workspace/React/PDM/vitta/src/usecase/validator/authValidator.ts": {"path":"/Users/matusalenalves/Documents/Workspace/React/PDM/vitta/src/usecase/validator/authValidator.ts","statementMap":{"0":{"start":{"line":1,"column":0},"end":{"line":1,"column":61}},"1":{"start":{"line":5,"column":8},"end":{"line":7,"column":9}},"2":{"start":{"line":6,"column":12},"end":{"line":6,"column":61}},"3":{"start":{"line":9,"column":8},"end":{"line":11,"column":9}},"4":{"start":{"line":10,"column":12},"end":{"line":10,"column":61}},"5":{"start":{"line":15,"column":8},"end":{"line":17,"column":9}},"6":{"start":{"line":16,"column":12},"end":{"line":16,"column":60}},"7":{"start":{"line":19,"column":8},"end":{"line":21,"column":9}},"8":{"start":{"line":20,"column":12},"end":{"line":20,"column":61}},"9":{"start":{"line":23,"column":8},"end":{"line":25,"column":9}},"10":{"start":{"line":24,"column":12},"end":{"line":24,"column":56}},"11":{"start":{"line":27,"column":8},"end":{"line":29,"column":9}},"12":{"start":{"line":28,"column":12},"end":{"line":28,"column":80}},"13":{"start":{"line":33,"column":27},"end":{"line":33,"column":55}},"14":{"start":{"line":34,"column":8},"end":{"line":34,"column":38}},"15":{"start":{"line":3,"column":0},"end":{"line":3,"column":21}}},"fnMap":{"0":{"name":"(anonymous_1)","decl":{"start":{"line":4,"column":4},"end":{"line":4,"column":10}},"loc":{"start":{"line":4,"column":56},"end":{"line":12,"column":5}}},"1":{"name":"(anonymous_2)","decl":{"start":{"line":14,"column":4},"end":{"line":14,"column":10}},"loc":{"start":{"line":14,"column":71},"end":{"line":30,"column":5}}},"2":{"name":"(anonymous_3)","decl":{"start":{"line":32,"column":12},"end":{"line":32,"column":18}},"loc":{"start":{"line":32,"column":45},"end":{"line":35,"column":5}}}},"branchMap":{"0":{"loc":{"start":{"line":5,"column":8},"end":{"line":7,"column":9}},"type":"if","locations":[{"start":{"line":5,"column":8},"end":{"line":7,"column":9}}]},"1":{"loc":{"start":{"line":5,"column":12},"end":{"line":5,"column":47}},"type":"binary-expr","locations":[{"start":{"line":5,"column":12},"end":{"line":5,"column":18}},{"start":{"line":5,"column":22},"end":{"line":5,"column":47}}]},"2":{"loc":{"start":{"line":9,"column":8},"end":{"line":11,"column":9}},"type":"if","locations":[{"start":{"line":9,"column":8},"end":{"line":11,"column":9}}]},"3":{"loc":{"start":{"line":9,"column":12},"end":{"line":9,"column":53}},"type":"binary-expr","locations":[{"start":{"line":9,"column":12},"end":{"line":9,"column":21}},{"start":{"line":9,"column":25},"end":{"line":9,"column":53}}]},"4":{"loc":{"start":{"line":15,"column":8},"end":{"line":17,"column":9}},"type":"if","locations":[{"start":{"line":15,"column":8},"end":{"line":17,"column":9}}]},"5":{"loc":{"start":{"line":15,"column":12},"end":{"line":15,"column":45}},"type":"binary-expr","locations":[{"start":{"line":15,"column":12},"end":{"line":15,"column":17}},{"start":{"line":15,"column":21},"end":{"line":15,"column":45}}]},"6":{"loc":{"start":{"line":19,"column":8},"end":{"line":21,"column":9}},"type":"if","locations":[{"start":{"line":19,"column":8},"end":{"line":21,"column":9}}]},"7":{"loc":{"start":{"line":19,"column":12},"end":{"line":19,"column":47}},"type":"binary-expr","locations":[{"start":{"line":19,"column":12},"end":{"line":19,"column":18}},{"start":{"line":19,"column":22},"end":{"line":19,"column":47}}]},"8":{"loc":{"start":{"line":23,"column":8},"end":{"line":25,"column":9}},"type":"if","locations":[{"start":{"line":23,"column":8},"end":{"line":25,"column":9}}]},"9":{"loc":{"start":{"line":27,"column":8},"end":{"line":29,"column":9}},"type":"if","locations":[{"start":{"line":27,"column":8},"end":{"line":29,"column":9}}]},"10":{"loc":{"start":{"line":27,"column":12},"end":{"line":27,"column":44}},"type":"binary-expr","locations":[{"start":{"line":27,"column":12},"end":{"line":27,"column":21}},{"start":{"line":27,"column":25},"end":{"line":27,"column":44}}]}},"s":{"0":2,"1":12,"2":5,"3":7,"4":3,"5":22,"6":3,"7":19,"8":1,"9":18,"10":6,"11":12,"12":3,"13":18,"14":18,"15":2},"f":{"0":12,"1":22,"2":18},"b":{"0":[5],"1":[12,8],"2":[3],"3":[7,5],"4":[3],"5":[22,20],"6":[1],"7":[19,18],"8":[6],"9":[3],"10":[12,11]}}
}
