TN:
SF:src/model/errors/authError.ts
FN:2,(anonymous_0)
FNF:1
FNH:1
FNDA:10,(anonymous_0)
DA:1,2
DA:3,10
LF:2
LH:2
BRF:0
BRH:0
end_of_record
TN:
SF:src/model/errors/repositoryError.ts
FN:2,(anonymous_0)
FNF:1
FNH:1
FNDA:6,(anonymous_0)
DA:1,2
DA:3,6
LF:2
LH:2
BRF:0
BRH:0
end_of_record
TN:
SF:src/model/errors/validationError.ts
FN:2,(anonymous_0)
FNF:1
FNH:1
FNDA:27,(anonymous_0)
DA:1,3
DA:3,27
LF:2
LH:2
BRF:0
BRH:0
end_of_record
TN:
SF:src/model/factories/makeUser.ts
FN:10,generateId
FN:17,makeUser
FNF:2
FNH:2
FNDA:1,generateId
FNDA:8,makeUser
DA:11,1
DA:12,1
DA:14,0
DA:17,2
DA:18,8
LF:5
LH:4
BRDA:11,0,0,1
BRDA:11,1,0,1
BRDA:11,1,1,1
BRDA:19,2,0,8
BRDA:19,2,1,1
BRF:5
BRH:5
end_of_record
TN:
SF:src/usecase/auth/authUseCases.ts
FN:16,(anonymous_1)
FN:21,(anonymous_2)
FN:41,(anonymous_3)
FN:57,(anonymous_4)
FN:68,(anonymous_5)
FN:69,(anonymous_6)
FNF:6
FNH:6
FNDA:14,(anonymous_1)
FNDA:5,(anonymous_2)
FNDA:5,(anonymous_3)
FNDA:2,(anonymous_4)
FNDA:2,(anonymous_5)
FNDA:2,(anonymous_6)
DA:2,1
DA:3,1
DA:4,1
DA:5,1
DA:8,1
DA:11,1
DA:17,14
DA:18,14
DA:22,5
DA:24,3
DA:25,3
DA:26,2
DA:28,2
DA:29,1
DA:32,1
DA:34,2
DA:35,2
DA:37,0
DA:42,5
DA:44,2
DA:45,2
DA:46,1
DA:47,1
DA:48,1
DA:50,1
DA:51,1
DA:53,0
DA:58,2
DA:59,2
DA:61,1
DA:62,1
DA:64,0
DA:69,2
DA:70,2
DA:71,1
DA:72,1
DA:73,1
DA:75,0
DA:78,1
LF:39
LH:35
BRDA:28,0,0,1
BRDA:34,1,0,2
BRDA:34,2,0,2
BRDA:34,2,1,0
BRDA:34,2,2,0
BRDA:50,3,0,1
BRDA:50,4,0,1
BRDA:50,4,1,0
BRDA:50,4,2,0
BRDA:61,5,0,1
BRDA:70,6,0,1
BRDA:70,6,1,1
BRDA:70,7,0,2
BRDA:70,7,1,1
BRF:14
BRH:10
end_of_record
TN:
SF:src/usecase/validator/authValidator.ts
FN:4,(anonymous_1)
FN:14,(anonymous_2)
FN:32,(anonymous_3)
FNF:3
FNH:3
FNDA:12,(anonymous_1)
FNDA:22,(anonymous_2)
FNDA:18,(anonymous_3)
DA:1,2
DA:3,2
DA:5,12
DA:6,5
DA:9,7
DA:10,3
DA:15,22
DA:16,3
DA:19,19
DA:20,1
DA:23,18
DA:24,6
DA:27,12
DA:28,3
DA:33,18
DA:34,18
LF:16
LH:16
BRDA:5,0,0,5
BRDA:5,1,0,12
BRDA:5,1,1,8
BRDA:9,2,0,3
BRDA:9,3,0,7
BRDA:9,3,1,5
BRDA:15,4,0,3
BRDA:15,5,0,22
BRDA:15,5,1,20
BRDA:19,6,0,1
BRDA:19,7,0,19
BRDA:19,7,1,18
BRDA:23,8,0,6
BRDA:27,9,0,3
BRDA:27,10,0,12
BRDA:27,10,1,11
BRF:16
BRH:16
end_of_record
